#
# There is insufficient memory for the Java Runtime Environment to continue.
# Native memory allocation (mmap) failed to map 65536 bytes for Failed to commit metaspace.
# Possible reasons:
#   The system is out of physical RAM or swap space
#   The process is running with CompressedOops enabled, and the Java Heap may be blocking the growth of the native heap
# Possible solutions:
#   Reduce memory load on the system
#   Increase physical memory or swap space
#   Check if swap backing store is full
#   Decrease Java heap size (-Xmx/-Xms)
#   Decrease number of Java threads
#   Decrease Java thread stack sizes (-Xss)
#   Set larger code cache with -XX:ReservedCodeCacheSize=
#   JVM is running with Unscaled Compressed Oops mode in which the Java heap is
#     placed in the first 4GB address space. The Java Heap base address is the
#     maximum limit for the native heap growth. Please use -XX:HeapBaseMinAddress
#     to set the Java Heap base and to place the Java Heap above 4GB virtual address.
# This output file may be truncated or incomplete.
#
#  Out of Memory Error (virtualSpaceNode.cpp:110), pid=5232, tid=15980
#
# JRE version: OpenJDK Runtime Environment Temurin-17.0.4.1+1 (17.0.4.1+1) (build 17.0.4.1+1)
# Java VM: OpenJDK 64-Bit Server VM Temurin-17.0.4.1+1 (17.0.4.1+1, mixed mode, tiered, compressed oops, compressed class ptrs, g1 gc, windows-amd64)
# No core dump will be written. Minidumps are not enabled by default on client versions of Windows
#

---------------  S U M M A R Y ------------

Command Line: -XX:+ShowCodeDetailsInExceptionMessages -agentlib:jdwp=transport=dt_socket,suspend=y,address=localhost:54462 -javaagent:C:\Users\Thiag\.eclipse\org.eclipse.platform_4.25.0_1416090908_win32_win32_x86_64\configuration\org.eclipse.osgi\421\0\.cp\lib\javaagent-shaded.jar -Dfile.encoding=UTF-8 Debug1

Host: Intel(R) Core(TM) i5-9300HF CPU @ 2.40GHz, 8 cores, 7G,  Windows 11 , 64 bit Build 22000 (10.0.22000.708)
Time: Sun Nov  6 14:39:05 2022 Hora oficial do Brasil elapsed time: 0.388410 seconds (0d 0h 0m 0s)

---------------  T H R E A D  ---------------

Current thread (0x00000219a147fe30):  JavaThread "main" [_thread_in_vm, id=15980, stack(0x000000439c100000,0x000000439c200000)]

Stack: [0x000000439c100000,0x000000439c200000]
Native frames: (J=compiled Java code, j=interpreted, Vv=VM code, C=native code)
V  [jvm.dll+0x67731a]
V  [jvm.dll+0x832284]
V  [jvm.dll+0x833a2e]
V  [jvm.dll+0x834093]
V  [jvm.dll+0x245775]
V  [jvm.dll+0x82e22b]
V  [jvm.dll+0x61bdf6]
V  [jvm.dll+0x61be5a]
V  [jvm.dll+0x61e67a]
V  [jvm.dll+0x61c796]
V  [jvm.dll+0x239e0f]
V  [jvm.dll+0x6265a5]
V  [jvm.dll+0x1ea5db]
V  [jvm.dll+0x1eab15]
V  [jvm.dll+0x1eb54f]
V  [jvm.dll+0x1e09f1]
V  [jvm.dll+0x53c910]
V  [jvm.dll+0x1f11e7]
V  [jvm.dll+0x7ac56b]
V  [jvm.dll+0x7ad912]
V  [jvm.dll+0x7adc48]
V  [jvm.dll+0x23db7e]
V  [jvm.dll+0x382753]
C  0x00000219a4b7802e

Java frames: (J=compiled Java code, j=interpreted, Vv=VM code)
j  jdk.internal.loader.BuiltinClassLoader.defineClass(Ljava/lang/String;Ljdk/internal/loader/BuiltinClassLoader$LoadedModule;)Ljava/lang/Class;+35 java.base@17.0.4.1
j  jdk.internal.loader.BuiltinClassLoader.findClassInModuleOrNull(Ljdk/internal/loader/BuiltinClassLoader$LoadedModule;Ljava/lang/String;)Ljava/lang/Class;+9 java.base@17.0.4.1
j  jdk.internal.loader.BuiltinClassLoader.findClass(Ljava/lang/String;Ljava/lang/String;)Ljava/lang/Class;+42 java.base@17.0.4.1
j  java.lang.ClassLoader.loadClass(Ljava/lang/Module;Ljava/lang/String;)Ljava/lang/Class;+26 java.base@17.0.4.1
j  java.lang.Class.forName(Ljava/lang/Module;Ljava/lang/String;)Ljava/lang/Class;+81 java.base@17.0.4.1
j  java.util.ServiceLoader.loadProvider(Ljdk/internal/module/ServicesCatalog$ServiceProvider;)Ljava/util/ServiceLoader$Provider;+38 java.base@17.0.4.1
j  java.util.ServiceLoader$ModuleServicesLookupIterator.hasNext()Z+79 java.base@17.0.4.1
j  java.util.ServiceLoader$2.hasNext()Z+4 java.base@17.0.4.1
j  java.util.ServiceLoader$3.hasNext()Z+32 java.base@17.0.4.1
j  sun.util.cldr.CLDRLocaleProviderAdapter.lambda$new$0()Lsun/util/locale/provider/LocaleDataMetaInfo;+10 java.base@17.0.4.1
j  sun.util.cldr.CLDRLocaleProviderAdapter$$Lambda$27+0x00000001000cc780.run()Ljava/lang/Object;+0 java.base@17.0.4.1
j  java.security.AccessController.executePrivileged(Ljava/security/PrivilegedExceptionAction;Ljava/security/AccessControlContext;Ljava/lang/Class;)Ljava/lang/Object;+29 java.base@17.0.4.1
j  java.security.AccessController.doPrivileged(Ljava/security/PrivilegedExceptionAction;)Ljava/lang/Object;+9 java.base@17.0.4.1
j  sun.util.cldr.CLDRLocaleProviderAdapter.<init>()V+9 java.base@17.0.4.1
v  ~StubRoutines::call_stub
j  jdk.internal.reflect.NativeConstructorAccessorImpl.newInstance0(Ljava/lang/reflect/Constructor;[Ljava/lang/Object;)Ljava/lang/Object;+0 java.base@17.0.4.1
j  jdk.internal.reflect.NativeConstructorAccessorImpl.newInstance([Ljava/lang/Object;)Ljava/lang/Object;+118 java.base@17.0.4.1
j  jdk.internal.reflect.DelegatingConstructorAccessorImpl.newInstance([Ljava/lang/Object;)Ljava/lang/Object;+5 java.base@17.0.4.1
j  java.lang.reflect.Constructor.newInstanceWithCaller([Ljava/lang/Object;ZLjava/lang/Class;)Ljava/lang/Object;+65 java.base@17.0.4.1
j  java.lang.reflect.Constructor.newInstance([Ljava/lang/Object;)Ljava/lang/Object;+30 java.base@17.0.4.1
j  sun.util.locale.provider.LocaleProviderAdapter.forType(Lsun/util/locale/provider/LocaleProviderAdapter$Type;)Lsun/util/locale/provider/LocaleProviderAdapter;+79 java.base@17.0.4.1
j  sun.util.locale.provider.LocaleProviderAdapter.findAdapter(Ljava/lang/Class;Ljava/util/Locale;)Lsun/util/locale/provider/LocaleProviderAdapter;+29 java.base@17.0.4.1
j  sun.util.locale.provider.LocaleProviderAdapter.getAdapter(Ljava/lang/Class;Ljava/util/Locale;)Lsun/util/locale/provider/LocaleProviderAdapter;+55 java.base@17.0.4.1
j  java.text.NumberFormat.getInstance(Ljava/util/Locale;Ljava/text/NumberFormat$Style;I)Ljava/text/NumberFormat;+3 java.base@17.0.4.1
j  java.text.NumberFormat.getNumberInstance(Ljava/util/Locale;)Ljava/text/NumberFormat;+3 java.base@17.0.4.1
j  java.util.Scanner.useLocale(Ljava/util/Locale;)Ljava/util/Scanner;+31 java.base@17.0.4.1
j  java.util.Scanner.<init>(Ljava/lang/Readable;Ljava/util/regex/Pattern;)V+243 java.base@17.0.4.1
j  java.util.Scanner.<init>(Ljava/io/InputStream;)V+12 java.base@17.0.4.1
j  Debug1.main([Ljava/lang/String;)V+13
v  ~StubRoutines::call_stub

---------------  P R O C E S S  ---------------

Threads class SMR info:
_java_thread_list=0x00000219bc3e82c0, length=16, elements={
0x00000219a147fe30, 0x00000219bb42afb0, 0x00000219bb42cb70, 0x00000219bb47dd20,
0x00000219bb47e5e0, 0x00000219bc01b270, 0x00000219bc0264f0, 0x00000219bc02a190,
0x00000219bc02eee0, 0x00000219bc0373e0, 0x00000219bc027d00, 0x00000219bc33edd0,
0x00000219bc3507b0, 0x00000219bc2d6e60, 0x00000219bc025680, 0x00000219a1480ab0
}

Java Threads: ( => current thread )
=>0x00000219a147fe30 JavaThread "main" [_thread_in_vm, id=15980, stack(0x000000439c100000,0x000000439c200000)]
  0x00000219bb42afb0 JavaThread "Reference Handler" daemon [_thread_blocked, id=15136, stack(0x000000439c800000,0x000000439c900000)]
  0x00000219bb42cb70 JavaThread "Finalizer" daemon [_thread_blocked, id=10764, stack(0x000000439c900000,0x000000439ca00000)]
  0x00000219bb47dd20 JavaThread "Signal Dispatcher" daemon [_thread_blocked, id=15108, stack(0x000000439ca00000,0x000000439cb00000)]
  0x00000219bb47e5e0 JavaThread "Attach Listener" daemon [_thread_blocked, id=16180, stack(0x000000439cb00000,0x000000439cc00000)]
  0x00000219bc01b270 JavaThread "Service Thread" daemon [_thread_blocked, id=5244, stack(0x000000439cc00000,0x000000439cd00000)]
  0x00000219bc0264f0 JavaThread "Monitor Deflation Thread" daemon [_thread_blocked, id=15608, stack(0x000000439cd00000,0x000000439ce00000)]
  0x00000219bc02a190 JavaThread "C2 CompilerThread0" daemon [_thread_blocked, id=13744, stack(0x000000439ce00000,0x000000439cf00000)]
  0x00000219bc02eee0 JavaThread "C1 CompilerThread0" daemon [_thread_blocked, id=11660, stack(0x000000439cf00000,0x000000439d000000)]
  0x00000219bc0373e0 JavaThread "Sweeper thread" daemon [_thread_blocked, id=16292, stack(0x000000439d000000,0x000000439d100000)]
  0x00000219bc027d00 JavaThread "Common-Cleaner" daemon [_thread_blocked, id=12944, stack(0x000000439d100000,0x000000439d200000)]
  0x00000219bc33edd0 JavaThread "JDWP Transport Listener: dt_socket" daemon [_thread_blocked, id=15440, stack(0x000000439d200000,0x000000439d300000)]
  0x00000219bc3507b0 JavaThread "JDWP Event Helper Thread" daemon [_thread_blocked, id=13676, stack(0x000000439d300000,0x000000439d400000)]
  0x00000219bc2d6e60 JavaThread "JDWP Command Reader" daemon [_thread_in_native, id=10124, stack(0x000000439d400000,0x000000439d500000)]
  0x00000219bc025680 JavaThread "Notification Thread" daemon [_thread_blocked, id=15832, stack(0x000000439d500000,0x000000439d600000)]
  0x00000219a1480ab0 JavaThread "C2 CompilerThread1" daemon [_thread_blocked, id=664, stack(0x000000439d700000,0x000000439d800000)]

Other Threads:
  0x00000219bb45b810 VMThread "VM Thread" [stack: 0x000000439c700000,0x000000439c800000] [id=5476]
  0x00000219bc399b30 WatcherThread [stack: 0x000000439d600000,0x000000439d700000] [id=12208]
  0x00000219a14db960 GCTaskThread "GC Thread#0" [stack: 0x000000439c200000,0x000000439c300000] [id=14728]
  0x00000219a14ecf60 ConcurrentGCThread "G1 Main Marker" [stack: 0x000000439c300000,0x000000439c400000] [id=12800]
  0x00000219a14ed970 ConcurrentGCThread "G1 Conc#0" [stack: 0x000000439c400000,0x000000439c500000] [id=16120]
  0x00000219bb2a00a0 ConcurrentGCThread "G1 Refine#0" [stack: 0x000000439c500000,0x000000439c600000] [id=14476]
  0x00000219bb2a0960 ConcurrentGCThread "G1 Service" [stack: 0x000000439c600000,0x000000439c700000] [id=16192]

Threads with active compile tasks:

VM state: not at safepoint (normal execution)

VM Mutex/Monitor currently owned by a thread:  ([mutex/lock_event])
[0x000002199f2a6b50] Metaspace_lock - owner thread: 0x00000219a147fe30

Heap address: 0x0000000081200000, size: 2030 MB, Compressed Oops mode: 32-bit

CDS archive(s) not mapped
Compressed class space mapped at: 0x0000000100000000-0x0000000140000000, reserved size: 1073741824
Narrow klass base: 0x0000000000000000, Narrow klass shift: 3, Narrow klass range: 0x140000000

GC Precious Log:
 CPUs: 8 total, 8 available
 Memory: 8112M
 Large Page Support: Disabled
 NUMA Support: Disabled
 Compressed Oops: Enabled (32-bit)
 Heap Region Size: 1M
 Heap Min Capacity: 8M
 Heap Initial Capacity: 128M
 Heap Max Capacity: 2030M
 Pre-touch: Disabled
 Parallel Workers: 8
 Concurrent Workers: 2
 Concurrent Refinement Workers: 8
 Periodic GC: Disabled

Heap:
 garbage-first heap   total 131072K, used 5120K [0x0000000081200000, 0x0000000100000000)
  region size 1024K, 6 young (6144K), 0 survivors (0K)
 Metaspace       used 9711K, committed 9792K, reserved 1064960K
  class space    used 839K, committed 896K, reserved 1048576K

Heap Regions: E=young(eden), S=young(survivor), O=old, HS=humongous(starts), HC=humongous(continues), CS=collection set, F=free, OA=open archive, CA=closed archive, TAMS=top-at-mark-start (previous, next)
|   0|0x0000000081200000, 0x0000000081200000, 0x0000000081300000|  0%| F|  |TAMS 0x0000000081200000, 0x0000000081200000| Untracked 
|   1|0x0000000081300000, 0x0000000081300000, 0x0000000081400000|  0%| F|  |TAMS 0x0000000081300000, 0x0000000081300000| Untracked 
|   2|0x0000000081400000, 0x0000000081400000, 0x0000000081500000|  0%| F|  |TAMS 0x0000000081400000, 0x0000000081400000| Untracked 
|   3|0x0000000081500000, 0x0000000081500000, 0x0000000081600000|  0%| F|  |TAMS 0x0000000081500000, 0x0000000081500000| Untracked 
|   4|0x0000000081600000, 0x0000000081600000, 0x0000000081700000|  0%| F|  |TAMS 0x0000000081600000, 0x0000000081600000| Untracked 
|   5|0x0000000081700000, 0x0000000081700000, 0x0000000081800000|  0%| F|  |TAMS 0x0000000081700000, 0x0000000081700000| Untracked 
|   6|0x0000000081800000, 0x0000000081800000, 0x0000000081900000|  0%| F|  |TAMS 0x0000000081800000, 0x0000000081800000| Untracked 
|   7|0x0000000081900000, 0x0000000081900000, 0x0000000081a00000|  0%| F|  |TAMS 0x0000000081900000, 0x0000000081900000| Untracked 
|   8|0x0000000081a00000, 0x0000000081a00000, 0x0000000081b00000|  0%| F|  |TAMS 0x0000000081a00000, 0x0000000081a00000| Untracked 
|   9|0x0000000081b00000, 0x0000000081b00000, 0x0000000081c00000|  0%| F|  |TAMS 0x0000000081b00000, 0x0000000081b00000| Untracked 
|  10|0x0000000081c00000, 0x0000000081c00000, 0x0000000081d00000|  0%| F|  |TAMS 0x0000000081c00000, 0x0000000081c00000| Untracked 
|  11|0x0000000081d00000, 0x0000000081d00000, 0x0000000081e00000|  0%| F|  |TAMS 0x0000000081d00000, 0x0000000081d00000| Untracked 
|  12|0x0000000081e00000, 0x0000000081e00000, 0x0000000081f00000|  0%| F|  |TAMS 0x0000000081e00000, 0x0000000081e00000| Untracked 
|  13|0x0000000081f00000, 0x0000000081f00000, 0x0000000082000000|  0%| F|  |TAMS 0x0000000081f00000, 0x0000000081f00000| Untracked 
|  14|0x0000000082000000, 0x0000000082000000, 0x0000000082100000|  0%| F|  |TAMS 0x0000000082000000, 0x0000000082000000| Untracked 
|  15|0x0000000082100000, 0x0000000082100000, 0x0000000082200000|  0%| F|  |TAMS 0x0000000082100000, 0x0000000082100000| Untracked 
|  16|0x0000000082200000, 0x0000000082200000, 0x0000000082300000|  0%| F|  |TAMS 0x0000000082200000, 0x0000000082200000| Untracked 
|  17|0x0000000082300000, 0x0000000082300000, 0x0000000082400000|  0%| F|  |TAMS 0x0000000082300000, 0x0000000082300000| Untracked 
|  18|0x0000000082400000, 0x0000000082400000, 0x0000000082500000|  0%| F|  |TAMS 0x0000000082400000, 0x0000000082400000| Untracked 
|  19|0x0000000082500000, 0x0000000082500000, 0x0000000082600000|  0%| F|  |TAMS 0x0000000082500000, 0x0000000082500000| Untracked 
|  20|0x0000000082600000, 0x0000000082600000, 0x0000000082700000|  0%| F|  |TAMS 0x0000000082600000, 0x0000000082600000| Untracked 
|  21|0x0000000082700000, 0x0000000082700000, 0x0000000082800000|  0%| F|  |TAMS 0x0000000082700000, 0x0000000082700000| Untracked 
|  22|0x0000000082800000, 0x0000000082800000, 0x0000000082900000|  0%| F|  |TAMS 0x0000000082800000, 0x0000000082800000| Untracked 
|  23|0x0000000082900000, 0x0000000082900000, 0x0000000082a00000|  0%| F|  |TAMS 0x0000000082900000, 0x0000000082900000| Untracked 
|  24|0x0000000082a00000, 0x0000000082a00000, 0x0000000082b00000|  0%| F|  |TAMS 0x0000000082a00000, 0x0000000082a00000| Untracked 
|  25|0x0000000082b00000, 0x0000000082b00000, 0x0000000082c00000|  0%| F|  |TAMS 0x0000000082b00000, 0x0000000082b00000| Untracked 
|  26|0x0000000082c00000, 0x0000000082c00000, 0x0000000082d00000|  0%| F|  |TAMS 0x0000000082c00000, 0x0000000082c00000| Untracked 
|  27|0x0000000082d00000, 0x0000000082d00000, 0x0000000082e00000|  0%| F|  |TAMS 0x0000000082d00000, 0x0000000082d00000| Untracked 
|  28|0x0000000082e00000, 0x0000000082e00000, 0x0000000082f00000|  0%| F|  |TAMS 0x0000000082e00000, 0x0000000082e00000| Untracked 
|  29|0x0000000082f00000, 0x0000000082f00000, 0x0000000083000000|  0%| F|  |TAMS 0x0000000082f00000, 0x0000000082f00000| Untracked 
|  30|0x0000000083000000, 0x0000000083000000, 0x0000000083100000|  0%| F|  |TAMS 0x0000000083000000, 0x0000000083000000| Untracked 
|  31|0x0000000083100000, 0x0000000083100000, 0x0000000083200000|  0%| F|  |TAMS 0x0000000083100000, 0x0000000083100000| Untracked 
|  32|0x0000000083200000, 0x0000000083200000, 0x0000000083300000|  0%| F|  |TAMS 0x0000000083200000, 0x0000000083200000| Untracked 
|  33|0x0000000083300000, 0x0000000083300000, 0x0000000083400000|  0%| F|  |TAMS 0x0000000083300000, 0x0000000083300000| Untracked 
|  34|0x0000000083400000, 0x0000000083400000, 0x0000000083500000|  0%| F|  |TAMS 0x0000000083400000, 0x0000000083400000| Untracked 
|  35|0x0000000083500000, 0x0000000083500000, 0x0000000083600000|  0%| F|  |TAMS 0x0000000083500000, 0x0000000083500000| Untracked 
|  36|0x0000000083600000, 0x0000000083600000, 0x0000000083700000|  0%| F|  |TAMS 0x0000000083600000, 0x0000000083600000| Untracked 
|  37|0x0000000083700000, 0x0000000083700000, 0x0000000083800000|  0%| F|  |TAMS 0x0000000083700000, 0x0000000083700000| Untracked 
|  38|0x0000000083800000, 0x0000000083800000, 0x0000000083900000|  0%| F|  |TAMS 0x0000000083800000, 0x0000000083800000| Untracked 
|  39|0x0000000083900000, 0x0000000083900000, 0x0000000083a00000|  0%| F|  |TAMS 0x0000000083900000, 0x0000000083900000| Untracked 
|  40|0x0000000083a00000, 0x0000000083a00000, 0x0000000083b00000|  0%| F|  |TAMS 0x0000000083a00000, 0x0000000083a00000| Untracked 
|  41|0x0000000083b00000, 0x0000000083b00000, 0x0000000083c00000|  0%| F|  |TAMS 0x0000000083b00000, 0x0000000083b00000| Untracked 
|  42|0x0000000083c00000, 0x0000000083c00000, 0x0000000083d00000|  0%| F|  |TAMS 0x0000000083c00000, 0x0000000083c00000| Untracked 
|  43|0x0000000083d00000, 0x0000000083d00000, 0x0000000083e00000|  0%| F|  |TAMS 0x0000000083d00000, 0x0000000083d00000| Untracked 
|  44|0x0000000083e00000, 0x0000000083e00000, 0x0000000083f00000|  0%| F|  |TAMS 0x0000000083e00000, 0x0000000083e00000| Untracked 
|  45|0x0000000083f00000, 0x0000000083f00000, 0x0000000084000000|  0%| F|  |TAMS 0x0000000083f00000, 0x0000000083f00000| Untracked 
|  46|0x0000000084000000, 0x0000000084000000, 0x0000000084100000|  0%| F|  |TAMS 0x0000000084000000, 0x0000000084000000| Untracked 
|  47|0x0000000084100000, 0x0000000084100000, 0x0000000084200000|  0%| F|  |TAMS 0x0000000084100000, 0x0000000084100000| Untracked 
|  48|0x0000000084200000, 0x0000000084200000, 0x0000000084300000|  0%| F|  |TAMS 0x0000000084200000, 0x0000000084200000| Untracked 
|  49|0x0000000084300000, 0x0000000084300000, 0x0000000084400000|  0%| F|  |TAMS 0x0000000084300000, 0x0000000084300000| Untracked 
|  50|0x0000000084400000, 0x0000000084400000, 0x0000000084500000|  0%| F|  |TAMS 0x0000000084400000, 0x0000000084400000| Untracked 
|  51|0x0000000084500000, 0x0000000084500000, 0x0000000084600000|  0%| F|  |TAMS 0x0000000084500000, 0x0000000084500000| Untracked 
|  52|0x0000000084600000, 0x0000000084600000, 0x0000000084700000|  0%| F|  |TAMS 0x0000000084600000, 0x0000000084600000| Untracked 
|  53|0x0000000084700000, 0x0000000084700000, 0x0000000084800000|  0%| F|  |TAMS 0x0000000084700000, 0x0000000084700000| Untracked 
|  54|0x0000000084800000, 0x0000000084800000, 0x0000000084900000|  0%| F|  |TAMS 0x0000000084800000, 0x0000000084800000| Untracked 
|  55|0x0000000084900000, 0x0000000084900000, 0x0000000084a00000|  0%| F|  |TAMS 0x0000000084900000, 0x0000000084900000| Untracked 
|  56|0x0000000084a00000, 0x0000000084a00000, 0x0000000084b00000|  0%| F|  |TAMS 0x0000000084a00000, 0x0000000084a00000| Untracked 
|  57|0x0000000084b00000, 0x0000000084b00000, 0x0000000084c00000|  0%| F|  |TAMS 0x0000000084b00000, 0x0000000084b00000| Untracked 
|  58|0x0000000084c00000, 0x0000000084c00000, 0x0000000084d00000|  0%| F|  |TAMS 0x0000000084c00000, 0x0000000084c00000| Untracked 
|  59|0x0000000084d00000, 0x0000000084d00000, 0x0000000084e00000|  0%| F|  |TAMS 0x0000000084d00000, 0x0000000084d00000| Untracked 
|  60|0x0000000084e00000, 0x0000000084e00000, 0x0000000084f00000|  0%| F|  |TAMS 0x0000000084e00000, 0x0000000084e00000| Untracked 
|  61|0x0000000084f00000, 0x0000000084f00000, 0x0000000085000000|  0%| F|  |TAMS 0x0000000084f00000, 0x0000000084f00000| Untracked 
|  62|0x0000000085000000, 0x0000000085000000, 0x0000000085100000|  0%| F|  |TAMS 0x0000000085000000, 0x0000000085000000| Untracked 
|  63|0x0000000085100000, 0x0000000085100000, 0x0000000085200000|  0%| F|  |TAMS 0x0000000085100000, 0x0000000085100000| Untracked 
|  64|0x0000000085200000, 0x0000000085200000, 0x0000000085300000|  0%| F|  |TAMS 0x0000000085200000, 0x0000000085200000| Untracked 
|  65|0x0000000085300000, 0x0000000085300000, 0x0000000085400000|  0%| F|  |TAMS 0x0000000085300000, 0x0000000085300000| Untracked 
|  66|0x0000000085400000, 0x0000000085400000, 0x0000000085500000|  0%| F|  |TAMS 0x0000000085400000, 0x0000000085400000| Untracked 
|  67|0x0000000085500000, 0x0000000085500000, 0x0000000085600000|  0%| F|  |TAMS 0x0000000085500000, 0x0000000085500000| Untracked 
|  68|0x0000000085600000, 0x0000000085600000, 0x0000000085700000|  0%| F|  |TAMS 0x0000000085600000, 0x0000000085600000| Untracked 
|  69|0x0000000085700000, 0x0000000085700000, 0x0000000085800000|  0%| F|  |TAMS 0x0000000085700000, 0x0000000085700000| Untracked 
|  70|0x0000000085800000, 0x0000000085800000, 0x0000000085900000|  0%| F|  |TAMS 0x0000000085800000, 0x0000000085800000| Untracked 
|  71|0x0000000085900000, 0x0000000085900000, 0x0000000085a00000|  0%| F|  |TAMS 0x0000000085900000, 0x0000000085900000| Untracked 
|  72|0x0000000085a00000, 0x0000000085a00000, 0x0000000085b00000|  0%| F|  |TAMS 0x0000000085a00000, 0x0000000085a00000| Untracked 
|  73|0x0000000085b00000, 0x0000000085b00000, 0x0000000085c00000|  0%| F|  |TAMS 0x0000000085b00000, 0x0000000085b00000| Untracked 
|  74|0x0000000085c00000, 0x0000000085c00000, 0x0000000085d00000|  0%| F|  |TAMS 0x0000000085c00000, 0x0000000085c00000| Untracked 
|  75|0x0000000085d00000, 0x0000000085d00000, 0x0000000085e00000|  0%| F|  |TAMS 0x0000000085d00000, 0x0000000085d00000| Untracked 
|  76|0x0000000085e00000, 0x0000000085e00000, 0x0000000085f00000|  0%| F|  |TAMS 0x0000000085e00000, 0x0000000085e00000| Untracked 
|  77|0x0000000085f00000, 0x0000000085f00000, 0x0000000086000000|  0%| F|  |TAMS 0x0000000085f00000, 0x0000000085f00000| Untracked 
|  78|0x0000000086000000, 0x0000000086000000, 0x0000000086100000|  0%| F|  |TAMS 0x0000000086000000, 0x0000000086000000| Untracked 
|  79|0x0000000086100000, 0x0000000086100000, 0x0000000086200000|  0%| F|  |TAMS 0x0000000086100000, 0x0000000086100000| Untracked 
|  80|0x0000000086200000, 0x0000000086200000, 0x0000000086300000|  0%| F|  |TAMS 0x0000000086200000, 0x0000000086200000| Untracked 
|  81|0x0000000086300000, 0x0000000086300000, 0x0000000086400000|  0%| F|  |TAMS 0x0000000086300000, 0x0000000086300000| Untracked 
|  82|0x0000000086400000, 0x0000000086400000, 0x0000000086500000|  0%| F|  |TAMS 0x0000000086400000, 0x0000000086400000| Untracked 
|  83|0x0000000086500000, 0x0000000086500000, 0x0000000086600000|  0%| F|  |TAMS 0x0000000086500000, 0x0000000086500000| Untracked 
|  84|0x0000000086600000, 0x0000000086600000, 0x0000000086700000|  0%| F|  |TAMS 0x0000000086600000, 0x0000000086600000| Untracked 
|  85|0x0000000086700000, 0x0000000086700000, 0x0000000086800000|  0%| F|  |TAMS 0x0000000086700000, 0x0000000086700000| Untracked 
|  86|0x0000000086800000, 0x0000000086800000, 0x0000000086900000|  0%| F|  |TAMS 0x0000000086800000, 0x0000000086800000| Untracked 
|  87|0x0000000086900000, 0x0000000086900000, 0x0000000086a00000|  0%| F|  |TAMS 0x0000000086900000, 0x0000000086900000| Untracked 
|  88|0x0000000086a00000, 0x0000000086a00000, 0x0000000086b00000|  0%| F|  |TAMS 0x0000000086a00000, 0x0000000086a00000| Untracked 
|  89|0x0000000086b00000, 0x0000000086b00000, 0x0000000086c00000|  0%| F|  |TAMS 0x0000000086b00000, 0x0000000086b00000| Untracked 
|  90|0x0000000086c00000, 0x0000000086c00000, 0x0000000086d00000|  0%| F|  |TAMS 0x0000000086c00000, 0x0000000086c00000| Untracked 
|  91|0x0000000086d00000, 0x0000000086d00000, 0x0000000086e00000|  0%| F|  |TAMS 0x0000000086d00000, 0x0000000086d00000| Untracked 
|  92|0x0000000086e00000, 0x0000000086e00000, 0x0000000086f00000|  0%| F|  |TAMS 0x0000000086e00000, 0x0000000086e00000| Untracked 
|  93|0x0000000086f00000, 0x0000000086f00000, 0x0000000087000000|  0%| F|  |TAMS 0x0000000086f00000, 0x0000000086f00000| Untracked 
|  94|0x0000000087000000, 0x0000000087000000, 0x0000000087100000|  0%| F|  |TAMS 0x0000000087000000, 0x0000000087000000| Untracked 
|  95|0x0000000087100000, 0x0000000087100000, 0x0000000087200000|  0%| F|  |TAMS 0x0000000087100000, 0x0000000087100000| Untracked 
|  96|0x0000000087200000, 0x0000000087200000, 0x0000000087300000|  0%| F|  |TAMS 0x0000000087200000, 0x0000000087200000| Untracked 
|  97|0x0000000087300000, 0x0000000087300000, 0x0000000087400000|  0%| F|  |TAMS 0x0000000087300000, 0x0000000087300000| Untracked 
|  98|0x0000000087400000, 0x0000000087400000, 0x0000000087500000|  0%| F|  |TAMS 0x0000000087400000, 0x0000000087400000| Untracked 
|  99|0x0000000087500000, 0x0000000087500000, 0x0000000087600000|  0%| F|  |TAMS 0x0000000087500000, 0x0000000087500000| Untracked 
| 100|0x0000000087600000, 0x0000000087600000, 0x0000000087700000|  0%| F|  |TAMS 0x0000000087600000, 0x0000000087600000| Untracked 
| 101|0x0000000087700000, 0x0000000087700000, 0x0000000087800000|  0%| F|  |TAMS 0x0000000087700000, 0x0000000087700000| Untracked 
| 102|0x0000000087800000, 0x0000000087800000, 0x0000000087900000|  0%| F|  |TAMS 0x0000000087800000, 0x0000000087800000| Untracked 
| 103|0x0000000087900000, 0x0000000087900000, 0x0000000087a00000|  0%| F|  |TAMS 0x0000000087900000, 0x0000000087900000| Untracked 
| 104|0x0000000087a00000, 0x0000000087a00000, 0x0000000087b00000|  0%| F|  |TAMS 0x0000000087a00000, 0x0000000087a00000| Untracked 
| 105|0x0000000087b00000, 0x0000000087b00000, 0x0000000087c00000|  0%| F|  |TAMS 0x0000000087b00000, 0x0000000087b00000| Untracked 
| 106|0x0000000087c00000, 0x0000000087c00000, 0x0000000087d00000|  0%| F|  |TAMS 0x0000000087c00000, 0x0000000087c00000| Untracked 
| 107|0x0000000087d00000, 0x0000000087d00000, 0x0000000087e00000|  0%| F|  |TAMS 0x0000000087d00000, 0x0000000087d00000| Untracked 
| 108|0x0000000087e00000, 0x0000000087e00000, 0x0000000087f00000|  0%| F|  |TAMS 0x0000000087e00000, 0x0000000087e00000| Untracked 
| 109|0x0000000087f00000, 0x0000000087f00000, 0x0000000088000000|  0%| F|  |TAMS 0x0000000087f00000, 0x0000000087f00000| Untracked 
| 110|0x0000000088000000, 0x0000000088000000, 0x0000000088100000|  0%| F|  |TAMS 0x0000000088000000, 0x0000000088000000| Untracked 
| 111|0x0000000088100000, 0x0000000088100000, 0x0000000088200000|  0%| F|  |TAMS 0x0000000088100000, 0x0000000088100000| Untracked 
| 112|0x0000000088200000, 0x0000000088200000, 0x0000000088300000|  0%| F|  |TAMS 0x0000000088200000, 0x0000000088200000| Untracked 
| 113|0x0000000088300000, 0x0000000088300000, 0x0000000088400000|  0%| F|  |TAMS 0x0000000088300000, 0x0000000088300000| Untracked 
| 114|0x0000000088400000, 0x0000000088400000, 0x0000000088500000|  0%| F|  |TAMS 0x0000000088400000, 0x0000000088400000| Untracked 
| 115|0x0000000088500000, 0x0000000088500000, 0x0000000088600000|  0%| F|  |TAMS 0x0000000088500000, 0x0000000088500000| Untracked 
| 116|0x0000000088600000, 0x0000000088600000, 0x0000000088700000|  0%| F|  |TAMS 0x0000000088600000, 0x0000000088600000| Untracked 
| 117|0x0000000088700000, 0x0000000088700000, 0x0000000088800000|  0%| F|  |TAMS 0x0000000088700000, 0x0000000088700000| Untracked 
| 118|0x0000000088800000, 0x0000000088800000, 0x0000000088900000|  0%| F|  |TAMS 0x0000000088800000, 0x0000000088800000| Untracked 
| 119|0x0000000088900000, 0x0000000088900000, 0x0000000088a00000|  0%| F|  |TAMS 0x0000000088900000, 0x0000000088900000| Untracked 
| 120|0x0000000088a00000, 0x0000000088a00000, 0x0000000088b00000|  0%| F|  |TAMS 0x0000000088a00000, 0x0000000088a00000| Untracked 
| 121|0x0000000088b00000, 0x0000000088b00000, 0x0000000088c00000|  0%| F|  |TAMS 0x0000000088b00000, 0x0000000088b00000| Untracked 
| 122|0x0000000088c00000, 0x0000000088c77860, 0x0000000088d00000| 46%| E|  |TAMS 0x0000000088c00000, 0x0000000088c00000| Complete 
| 123|0x0000000088d00000, 0x0000000088e00000, 0x0000000088e00000|100%| E|CS|TAMS 0x0000000088d00000, 0x0000000088d00000| Complete 
| 124|0x0000000088e00000, 0x0000000088f00000, 0x0000000088f00000|100%| E|CS|TAMS 0x0000000088e00000, 0x0000000088e00000| Complete 
| 125|0x0000000088f00000, 0x0000000089000000, 0x0000000089000000|100%| E|CS|TAMS 0x0000000088f00000, 0x0000000088f00000| Complete 
| 126|0x0000000089000000, 0x0000000089100000, 0x0000000089100000|100%| E|CS|TAMS 0x0000000089000000, 0x0000000089000000| Complete 
| 127|0x0000000089100000, 0x0000000089200000, 0x0000000089200000|100%| E|CS|TAMS 0x0000000089100000, 0x0000000089100000| Complete 

Card table byte_map: [0x00000219b4280000,0x00000219b4680000] _byte_map_base: 0x00000219b3e77000

Marking Bits (Prev, Next): (CMBitMap*) 0x00000219a14dbf70, (CMBitMap*) 0x00000219a14dbfb0
 Prev Bits: [0x00000219b4a80000, 0x00000219b6a38000)
 Next Bits: [0x00000219b6a40000, 0x00000219b89f8000)

Polling page: 0x00000219a0c60000

Metaspace:

Usage:
  Non-class:      8.66 MB used.
      Class:    839.59 KB used.
       Both:      9.48 MB used.

Virtual space:
  Non-class space:       16.00 MB reserved,       8.69 MB ( 54%) committed,  2 nodes.
      Class space:        1.00 GB reserved,     896.00 KB ( <1%) committed,  1 nodes.
             Both:        1.02 GB reserved,       9.56 MB ( <1%) committed. 

Chunk freelists:
   Non-Class:  2.77 MB
       Class:  2.97 MB
        Both:  5.74 MB

MaxMetaspaceSize: unlimited
CompressedClassSpaceSize: 1.00 GB
Initial GC threshold: 21.00 MB
Current GC threshold: 21.00 MB
CDS: off
MetaspaceReclaimPolicy: balanced
 - commit_granule_bytes: 65536.
 - commit_granule_words: 8192.
 - virtual_space_node_default_size: 1048576.
 - enlarge_chunks_in_place: 1.
 - new_chunks_are_fully_committed: 0.
 - uncommit_free_chunks: 1.
 - use_allocation_guard: 0.
 - handle_deallocations: 1.


Internal statistics:

num_allocs_failed_limit: 0.
num_arena_births: 8.
num_arena_deaths: 0.
num_vsnodes_births: 3.
num_vsnodes_deaths: 0.
num_space_committed: 153.
num_space_uncommitted: 0.
num_chunks_returned_to_freelist: 0.
num_chunks_taken_from_freelist: 46.
num_chunk_merges: 0.
num_chunk_splits: 19.
num_chunks_enlarged: 14.
num_purges: 0.
num_inconsistent_stats: 0.

CodeHeap 'non-profiled nmethods': size=120000Kb used=144Kb max_used=144Kb free=119855Kb
 bounds [0x00000219ac620000, 0x00000219ac890000, 0x00000219b3b50000]
CodeHeap 'profiled nmethods': size=120000Kb used=623Kb max_used=623Kb free=119376Kb
 bounds [0x00000219a50f0000, 0x00000219a5360000, 0x00000219ac620000]
CodeHeap 'non-nmethods': size=5760Kb used=1200Kb max_used=1218Kb free=4559Kb
 bounds [0x00000219a4b50000, 0x00000219a4dc0000, 0x00000219a50f0000]
 total_blobs=840 nmethods=424 adapters=329
 compilation: enabled
              stopped_count=0, restarted_count=0
 full_count=0

Compilation events (20 events):
Event: 0.335 Thread 0x00000219bc02eee0 nmethod 406 0x00000219a5183d10 code [0x00000219a5183ea0, 0x00000219a5183ff8]
Event: 0.335 Thread 0x00000219bc02eee0  407       3       jdk.internal.org.objectweb.asm.ByteVector::putByte (39 bytes)
Event: 0.335 Thread 0x00000219bc02eee0 nmethod 407 0x00000219a5184090 code [0x00000219a5184240, 0x00000219a5184428]
Event: 0.335 Thread 0x00000219bc02eee0  408       3       jdk.internal.org.objectweb.asm.SymbolTable$Entry::<init> (17 bytes)
Event: 0.335 Thread 0x00000219bc02eee0 nmethod 408 0x00000219a5184590 code [0x00000219a5184740, 0x00000219a51848e8]
Event: 0.336 Thread 0x00000219bc02eee0  413       3       java.lang.invoke.MemberName::initResolved (53 bytes)
Event: 0.336 Thread 0x00000219bc02eee0 nmethod 413 0x00000219a5184990 code [0x00000219a5184b20, 0x00000219a5184cd8]
Event: 0.336 Thread 0x00000219bc02eee0  416       3       java.lang.invoke.MethodType::checkPtypes (76 bytes)
Event: 0.336 Thread 0x00000219bc02eee0 nmethod 416 0x00000219a5184d90 code [0x00000219a5185020, 0x00000219a51859a8]
Event: 0.336 Thread 0x00000219bc02eee0  414   !   3       java.lang.invoke.MemberName::getMethodType (211 bytes)
Event: 0.337 Thread 0x00000219bc02eee0 nmethod 414 0x00000219a5185d90 code [0x00000219a5186080, 0x00000219a5187618]
Event: 0.337 Thread 0x00000219bc02eee0  422       3       sun.invoke.util.VerifyAccess::isTypeVisible (118 bytes)
Event: 0.338 Thread 0x00000219bc02eee0 nmethod 422 0x00000219a5187c90 code [0x00000219a51880a0, 0x00000219a518a018]
Event: 0.338 Thread 0x00000219bc02eee0  419       1       java.lang.invoke.MethodTypeForm::erasedType (5 bytes)
Event: 0.338 Thread 0x00000219bc02eee0 nmethod 419 0x00000219ac642d10 code [0x00000219ac642ea0, 0x00000219ac642f78]
Event: 0.340 Thread 0x00000219bc02eee0  423       3       sun.util.locale.LocaleUtils::isUpper (18 bytes)
Event: 0.340 Thread 0x00000219bc02eee0 nmethod 423 0x00000219a518a990 code [0x00000219a518ab20, 0x00000219a518ac98]
Event: 0.340 Thread 0x00000219bc02eee0  424       3       java.lang.Class::getPackageName (81 bytes)
Event: 0.341 Thread 0x00000219bc02eee0 nmethod 424 0x00000219a518ad10 code [0x00000219a518afa0, 0x00000219a518ba68]
Event: 0.344 Thread 0x00000219a1480ab0 nmethod 401 0x00000219ac643010 code [0x00000219ac6431c0, 0x00000219ac643df8]

GC Heap History (0 events):
No events

Deoptimization events (20 events):
Event: 0.319 Thread 0x00000219a147fe30 DEOPT PACKING pc=0x00000219a5165d2c sp=0x000000439c1f7ce0
Event: 0.319 Thread 0x00000219a147fe30 DEOPT UNPACKING pc=0x00000219a4ba2b43 sp=0x000000439c1f7148 mode 0
Event: 0.321 Thread 0x00000219a147fe30 DEOPT PACKING pc=0x00000219a5165d2c sp=0x000000439c1fb730
Event: 0.321 Thread 0x00000219a147fe30 DEOPT UNPACKING pc=0x00000219a4ba2b43 sp=0x000000439c1fab98 mode 0
Event: 0.321 Thread 0x00000219a147fe30 DEOPT PACKING pc=0x00000219a5165d2c sp=0x000000439c1fb730
Event: 0.321 Thread 0x00000219a147fe30 DEOPT UNPACKING pc=0x00000219a4ba2b43 sp=0x000000439c1fab98 mode 0
Event: 0.323 Thread 0x00000219a147fe30 DEOPT PACKING pc=0x00000219a5165d2c sp=0x000000439c1f7ba0
Event: 0.323 Thread 0x00000219a147fe30 DEOPT UNPACKING pc=0x00000219a4ba2b43 sp=0x000000439c1f7008 mode 0
Event: 0.324 Thread 0x00000219a147fe30 DEOPT PACKING pc=0x00000219a5165d2c sp=0x000000439c1fb660
Event: 0.324 Thread 0x00000219a147fe30 DEOPT UNPACKING pc=0x00000219a4ba2b43 sp=0x000000439c1faac8 mode 0
Event: 0.325 Thread 0x00000219a147fe30 DEOPT PACKING pc=0x00000219a5165d2c sp=0x000000439c1fb730
Event: 0.325 Thread 0x00000219a147fe30 DEOPT UNPACKING pc=0x00000219a4ba2b43 sp=0x000000439c1fab98 mode 0
Event: 0.328 Thread 0x00000219a147fe30 DEOPT PACKING pc=0x00000219a5165d2c sp=0x000000439c1f78d0
Event: 0.328 Thread 0x00000219a147fe30 DEOPT UNPACKING pc=0x00000219a4ba2b43 sp=0x000000439c1f6d38 mode 0
Event: 0.328 Thread 0x00000219a147fe30 DEOPT PACKING pc=0x00000219a5165c54 sp=0x000000439c1f78d0
Event: 0.328 Thread 0x00000219a147fe30 DEOPT UNPACKING pc=0x00000219a4ba2b43 sp=0x000000439c1f6d38 mode 0
Event: 0.329 Thread 0x00000219a147fe30 DEOPT PACKING pc=0x00000219a5165c54 sp=0x000000439c1f78d0
Event: 0.329 Thread 0x00000219a147fe30 DEOPT UNPACKING pc=0x00000219a4ba2b43 sp=0x000000439c1f6d38 mode 0
Event: 0.329 Thread 0x00000219a147fe30 DEOPT PACKING pc=0x00000219a5165c54 sp=0x000000439c1f78d0
Event: 0.329 Thread 0x00000219a147fe30 DEOPT UNPACKING pc=0x00000219a4ba2b43 sp=0x000000439c1f6d38 mode 0

Classes unloaded (0 events):
No events

Classes redefined (0 events):
No events

Internal exceptions (0 events):
No events

VM Operations (8 events):
Event: 0.093 Executing VM operation: HandshakeAllThreads
Event: 0.093 Executing VM operation: HandshakeAllThreads done
Event: 0.108 Executing VM operation: ChangeBreakpoints
Event: 0.108 Executing VM operation: ChangeBreakpoints done
Event: 0.194 Executing VM operation: ChangeBreakpoints
Event: 0.194 Executing VM operation: ChangeBreakpoints done
Event: 0.331 Executing VM operation: ChangeBreakpoints
Event: 0.331 Executing VM operation: ChangeBreakpoints done

Events (20 events):
Event: 0.339 loading class sun/util/locale/ParseStatus done
Event: 0.339 loading class sun/util/locale/StringTokenIterator
Event: 0.339 loading class sun/util/locale/StringTokenIterator done
Event: 0.339 loading class sun/util/locale/InternalLocaleBuilder
Event: 0.339 loading class sun/util/locale/InternalLocaleBuilder done
Event: 0.339 loading class sun/util/locale/InternalLocaleBuilder$CaseInsensitiveChar
Event: 0.339 loading class sun/util/locale/InternalLocaleBuilder$CaseInsensitiveChar done
Event: 0.340 loading class java/util/ServiceLoader
Event: 0.340 loading class java/util/ServiceLoader done
Event: 0.341 loading class java/util/ServiceLoader$ModuleServicesLookupIterator
Event: 0.341 loading class java/util/ServiceLoader$ModuleServicesLookupIterator done
Event: 0.341 loading class java/util/concurrent/CopyOnWriteArrayList$COWIterator
Event: 0.341 loading class java/util/concurrent/CopyOnWriteArrayList$COWIterator done
Event: 0.341 loading class java/util/ServiceLoader$LazyClassPathLookupIterator
Event: 0.341 loading class java/util/ServiceLoader$LazyClassPathLookupIterator done
Event: 0.341 loading class java/util/ServiceLoader$2
Event: 0.341 loading class java/util/ServiceLoader$2 done
Event: 0.341 loading class java/util/ServiceLoader$3
Event: 0.341 loading class java/util/ServiceLoader$3 done
Event: 0.341 loading class jdk/internal/module/ModulePatcher$PatchedModuleReader


Dynamic libraries:
0x00007ff6c0e40000 - 0x00007ff6c0e4e000 	C:\Program Files (x86)\Eclipse\plugins\org.eclipse.justj.openjdk.hotspot.jre.full.win32.x86_64_17.0.4.v20220903-1038\jre\bin\javaw.exe
0x00007ffa03a60000 - 0x00007ffa03c69000 	C:\WINDOWS\SYSTEM32\ntdll.dll
0x00007ffa01c00000 - 0x00007ffa01cbd000 	C:\WINDOWS\System32\KERNEL32.DLL
0x00007ffa00f60000 - 0x00007ffa012db000 	C:\WINDOWS\System32\KERNELBASE.dll
0x00007ffa013a0000 - 0x00007ffa014b1000 	C:\WINDOWS\System32\ucrtbase.dll
0x00007ff9f3c90000 - 0x00007ff9f3ca9000 	C:\Program Files (x86)\Eclipse\plugins\org.eclipse.justj.openjdk.hotspot.jre.full.win32.x86_64_17.0.4.v20220903-1038\jre\bin\VCRUNTIME140.dll
0x00007ff9f3cb0000 - 0x00007ff9f3cc8000 	C:\Program Files (x86)\Eclipse\plugins\org.eclipse.justj.openjdk.hotspot.jre.full.win32.x86_64_17.0.4.v20220903-1038\jre\bin\jli.dll
0x00007ffa029e0000 - 0x00007ffa02b8d000 	C:\WINDOWS\System32\USER32.dll
0x00007ffa00f30000 - 0x00007ffa00f56000 	C:\WINDOWS\System32\win32u.dll
0x00007ff9eb820000 - 0x00007ff9ebac5000 	C:\WINDOWS\WinSxS\amd64_microsoft.windows.common-controls_6595b64144ccf1df_6.0.22000.120_none_9d947278b86cc467\COMCTL32.dll
0x00007ffa03950000 - 0x00007ffa03979000 	C:\WINDOWS\System32\GDI32.dll
0x00007ffa02920000 - 0x00007ffa029c3000 	C:\WINDOWS\System32\msvcrt.dll
0x00007ffa01740000 - 0x00007ffa01858000 	C:\WINDOWS\System32\gdi32full.dll
0x00007ffa016a0000 - 0x00007ffa0173d000 	C:\WINDOWS\System32\msvcp_win.dll
0x00007ffa01bc0000 - 0x00007ffa01bf1000 	C:\WINDOWS\System32\IMM32.DLL
0x00007ff9fcad0000 - 0x00007ff9fcadc000 	C:\Program Files (x86)\Eclipse\plugins\org.eclipse.justj.openjdk.hotspot.jre.full.win32.x86_64_17.0.4.v20220903-1038\jre\bin\vcruntime140_1.dll
0x00007ff9f32e0000 - 0x00007ff9f3371000 	C:\Program Files (x86)\Eclipse\plugins\org.eclipse.justj.openjdk.hotspot.jre.full.win32.x86_64_17.0.4.v20220903-1038\jre\bin\msvcp140.dll
0x00007ff99bcd0000 - 0x00007ff99c916000 	C:\Program Files (x86)\Eclipse\plugins\org.eclipse.justj.openjdk.hotspot.jre.full.win32.x86_64_17.0.4.v20220903-1038\jre\bin\server\jvm.dll
0x00007ffa02090000 - 0x00007ffa0213e000 	C:\WINDOWS\System32\ADVAPI32.dll
0x00007ffa03980000 - 0x00007ffa03a1e000 	C:\WINDOWS\System32\sechost.dll
0x00007ffa01aa0000 - 0x00007ffa01bc0000 	C:\WINDOWS\System32\RPCRT4.dll
0x00007ffa029d0000 - 0x00007ffa029d8000 	C:\WINDOWS\System32\PSAPI.DLL
0x00007ff9fb680000 - 0x00007ff9fb689000 	C:\WINDOWS\SYSTEM32\WSOCK32.dll
0x00007ff9fa420000 - 0x00007ff9fa453000 	C:\WINDOWS\SYSTEM32\WINMM.dll
0x00007ffa02020000 - 0x00007ffa0208f000 	C:\WINDOWS\System32\WS2_32.dll
0x00007ff9f8a40000 - 0x00007ff9f8a4a000 	C:\WINDOWS\SYSTEM32\VERSION.dll
0x00007ff9fffb0000 - 0x00007ff9fffc8000 	C:\WINDOWS\SYSTEM32\kernel.appcore.dll
0x00007ff9fca70000 - 0x00007ff9fca7a000 	C:\Program Files (x86)\Eclipse\plugins\org.eclipse.justj.openjdk.hotspot.jre.full.win32.x86_64_17.0.4.v20220903-1038\jre\bin\jimage.dll
0x00007ff9feb90000 - 0x00007ff9fedb1000 	C:\WINDOWS\SYSTEM32\DBGHELP.DLL
0x00007ff9e81b0000 - 0x00007ff9e81e1000 	C:\WINDOWS\SYSTEM32\dbgcore.DLL
0x00007ffa01860000 - 0x00007ffa018df000 	C:\WINDOWS\System32\bcryptPrimitives.dll
0x00007ff9f3c10000 - 0x00007ff9f3c4b000 	C:\Program Files (x86)\Eclipse\plugins\org.eclipse.justj.openjdk.hotspot.jre.full.win32.x86_64_17.0.4.v20220903-1038\jre\bin\jdwp.dll
0x00007ff9f8f70000 - 0x00007ff9f8f7e000 	C:\Program Files (x86)\Eclipse\plugins\org.eclipse.justj.openjdk.hotspot.jre.full.win32.x86_64_17.0.4.v20220903-1038\jre\bin\instrument.dll
0x00007ff9ea1a0000 - 0x00007ff9ea1c5000 	C:\Program Files (x86)\Eclipse\plugins\org.eclipse.justj.openjdk.hotspot.jre.full.win32.x86_64_17.0.4.v20220903-1038\jre\bin\java.dll
0x00007ff9f3050000 - 0x00007ff9f3068000 	C:\Program Files (x86)\Eclipse\plugins\org.eclipse.justj.openjdk.hotspot.jre.full.win32.x86_64_17.0.4.v20220903-1038\jre\bin\zip.dll
0x00007ffa030f0000 - 0x00007ffa038a8000 	C:\WINDOWS\System32\SHELL32.dll
0x00007ff9ff020000 - 0x00007ff9ff885000 	C:\WINDOWS\SYSTEM32\windows.storage.dll
0x00007ffa02450000 - 0x00007ffa027c7000 	C:\WINDOWS\System32\combase.dll
0x00007ff9feeb0000 - 0x00007ff9ff016000 	C:\WINDOWS\SYSTEM32\wintypes.dll
0x00007ffa01f30000 - 0x00007ffa0201a000 	C:\WINDOWS\System32\SHCORE.dll
0x00007ffa023d0000 - 0x00007ffa0242d000 	C:\WINDOWS\System32\shlwapi.dll
0x00007ffa00e60000 - 0x00007ffa00e81000 	C:\WINDOWS\SYSTEM32\profapi.dll
0x00007ff9f32d0000 - 0x00007ff9f32dc000 	C:\Program Files (x86)\Eclipse\plugins\org.eclipse.justj.openjdk.hotspot.jre.full.win32.x86_64_17.0.4.v20220903-1038\jre\bin\dt_socket.dll
0x00007ff9ffae0000 - 0x00007ff9ffb0d000 	C:\WINDOWS\SYSTEM32\IPHLPAPI.DLL
0x00007ffa00450000 - 0x00007ffa004b7000 	C:\WINDOWS\system32\mswsock.dll
0x00007ff9ffb10000 - 0x00007ff9ffbf8000 	C:\WINDOWS\SYSTEM32\DNSAPI.dll
0x00007ffa02910000 - 0x00007ffa02919000 	C:\WINDOWS\System32\NSI.dll
0x00007ff9f7990000 - 0x00007ff9f799a000 	C:\Windows\System32\rasadhlp.dll
0x00007ff9f8b90000 - 0x00007ff9f8c11000 	C:\WINDOWS\System32\fwpuclnt.dll
0x00007ff9f1e20000 - 0x00007ff9f1e39000 	C:\Program Files (x86)\Eclipse\plugins\org.eclipse.justj.openjdk.hotspot.jre.full.win32.x86_64_17.0.4.v20220903-1038\jre\bin\net.dll
0x00007ff9fabe0000 - 0x00007ff9facec000 	C:\WINDOWS\SYSTEM32\WINHTTP.dll
0x00007ff9ee410000 - 0x00007ff9ee425000 	C:\Program Files (x86)\Eclipse\plugins\org.eclipse.justj.openjdk.hotspot.jre.full.win32.x86_64_17.0.4.v20220903-1038\jre\bin\nio.dll
0x00007ff9fa920000 - 0x00007ff9fa930000 	C:\Program Files (x86)\Eclipse\plugins\org.eclipse.justj.openjdk.hotspot.jre.full.win32.x86_64_17.0.4.v20220903-1038\jre\bin\verify.dll

dbghelp: loaded successfully - version: 4.0.5 - missing functions: none
symbol engine: initialized successfully - sym options: 0x614 - pdb path: .;C:\Program Files (x86)\Eclipse\plugins\org.eclipse.justj.openjdk.hotspot.jre.full.win32.x86_64_17.0.4.v20220903-1038\jre\bin;C:\WINDOWS\SYSTEM32;C:\WINDOWS\WinSxS\amd64_microsoft.windows.common-controls_6595b64144ccf1df_6.0.22000.120_none_9d947278b86cc467;C:\Program Files (x86)\Eclipse\plugins\org.eclipse.justj.openjdk.hotspot.jre.full.win32.x86_64_17.0.4.v20220903-1038\jre\bin\server

VM Arguments:
jvm_args: -XX:+ShowCodeDetailsInExceptionMessages -agentlib:jdwp=transport=dt_socket,suspend=y,address=localhost:54462 -javaagent:C:\Users\Thiag\.eclipse\org.eclipse.platform_4.25.0_1416090908_win32_win32_x86_64\configuration\org.eclipse.osgi\421\0\.cp\lib\javaagent-shaded.jar -Dfile.encoding=UTF-8 
java_command: Debug1
java_class_path (initial): C:\Users\Thiag\OneDrive\Documentos\EclipseProjects\curso_programacao\bin
Launcher Type: SUN_STANDARD

[Global flags]
     intx CICompilerCount                          = 4                                         {product} {ergonomic}
     uint ConcGCThreads                            = 2                                         {product} {ergonomic}
     uint G1ConcRefinementThreads                  = 8                                         {product} {ergonomic}
   size_t G1HeapRegionSize                         = 1048576                                   {product} {ergonomic}
    uintx GCDrainStackTargetSize                   = 64                                        {product} {ergonomic}
   size_t InitialHeapSize                          = 134217728                                 {product} {ergonomic}
   size_t MarkStackSize                            = 4194304                                   {product} {ergonomic}
   size_t MaxHeapSize                              = 2128609280                                {product} {ergonomic}
   size_t MaxNewSize                               = 1277165568                                {product} {ergonomic}
   size_t MinHeapDeltaBytes                        = 1048576                                   {product} {ergonomic}
   size_t MinHeapSize                              = 8388608                                   {product} {ergonomic}
    uintx NonNMethodCodeHeapSize                   = 5839372                                {pd product} {ergonomic}
    uintx NonProfiledCodeHeapSize                  = 122909434                              {pd product} {ergonomic}
    uintx ProfiledCodeHeapSize                     = 122909434                              {pd product} {ergonomic}
    uintx ReservedCodeCacheSize                    = 251658240                              {pd product} {ergonomic}
     bool SegmentedCodeCache                       = true                                      {product} {ergonomic}
     bool ShowCodeDetailsInExceptionMessages       = true                                   {manageable} {command line}
   size_t SoftMaxHeapSize                          = 2128609280                             {manageable} {ergonomic}
     bool UseCompressedClassPointers               = true                           {product lp64_product} {ergonomic}
     bool UseCompressedOops                        = true                           {product lp64_product} {ergonomic}
     bool UseG1GC                                  = true                                      {product} {ergonomic}
     bool UseLargePagesIndividualAllocation        = false                                  {pd product} {ergonomic}

Logging:
Log output configuration:
 #0: stdout all=warning uptime,level,tags
 #1: stderr all=off uptime,level,tags

Environment Variables:
PATH=C:\Program Files (x86)\Eclipse\plugins\org.eclipse.justj.openjdk.hotspot.jre.full.win32.x86_64_17.0.4.v20220903-1038\jre\bin;C:/Program Files (x86)/Eclipse//plugins/org.eclipse.justj.openjdk.hotspot.jre.full.win32.x86_64_17.0.4.v20220903-1038/jre/bin/server;C:/Program Files (x86)/Eclipse//plugins/org.eclipse.justj.openjdk.hotspot.jre.full.win32.x86_64_17.0.4.v20220903-1038/jre/bin;C:\Program Files\Common Files\Oracle\Java\javapath;C:\Program Files (x86)\Common Files\Oracle\Java\javapath;C:\Windows\system32;C:\Windows;C:\Windows\System32\Wbem;C:\Windows\System32\WindowsPowerShell\v1.0\;C:\Windows\System32\OpenSSH\;C:\Program Files (x86)\NVIDIA Corporation\PhysX\Common;C:\Program Files\NVIDIA Corporation\NVIDIA NvDLISR;;C:\WINDOWS\system32;C:\WINDOWS;C:\WINDOWS\System32\Wbem;C:\WINDOWS\System32\WindowsPowerShell\v1.0\;C:\WINDOWS\System32\OpenSSH\;C:\Users\Thiag\AppData\Local\Programs\Python\Python39\Scripts\;C:\Users\Thiag\AppData\Local\Programs\Python\Python39\;C:\Users\Thiag\AppData\Local\Microsoft\WindowsApps;;C:\Users\Thiag\AppData\Local\Programs\Microsoft VS Code\bin;C:\Program Files (x86)\Eclipse;
USERNAME=Thiag
OS=Windows_NT
PROCESSOR_IDENTIFIER=Intel64 Family 6 Model 158 Stepping 13, GenuineIntel
TMP=C:\Users\Thiag\AppData\Local\Temp
TEMP=C:\Users\Thiag\AppData\Local\Temp



---------------  S Y S T E M  ---------------

OS:
 Windows 11 , 64 bit Build 22000 (10.0.22000.708)
OS uptime: 0 days 5:52 hours

CPU: total 8 (initial active 8) (4 cores per cpu, 2 threads per core) family 6 model 158 stepping 13 microcode 0xde, cx8, cmov, fxsr, ht, mmx, 3dnowpref, sse, sse2, sse3, ssse3, sse4.1, sse4.2, popcnt, lzcnt, tsc, tscinvbit, avx, avx2, aes, erms, clmul, bmi1, bmi2, adx, fma, vzeroupper, clflush, clflushopt

Memory: 4k page, system-wide physical 8112M (2204M free)
TotalPageFile size 10312M (AvailPageFile size 4M)
current process WorkingSet (physical memory assigned to process): 50M, peak: 50M
current process commit charge ("private bytes"): 214M, peak: 214M

vm_info: OpenJDK 64-Bit Server VM (17.0.4.1+1) for windows-amd64 JRE (17.0.4.1+1), built on Aug 17 2022 07:42:43 by "temurin" with MS VC++ 16.7 (VS2019)

END.
